2016-10-20 17:25:57 Error: [MissingControllerException] Controller class UserController could not be found.
Exception Attributes: array (
  'class' => 'UserController',
  'plugin' => NULL,
)
Request URL: /vculead/user
Stack Trace:
#0 /srv/http/vculead/app/webroot/index.php(110): Dispatcher->dispatch(Object(CakeRequest), Object(CakeResponse))
#1 {main}
2016-10-20 17:25:59 Error: [MissingConnectionException] Database connection "Mysql" is missing, or could not be created.
Exception Attributes: array (
  'class' => 'Mysql',
  'message' => 'Selected driver is not enabled',
  'enabled' => false,
)
Request URL: /vculead/users
Stack Trace:
#0 /srv/http/vculead/lib/Cake/Model/ConnectionManager.php(105): DboSource->__construct(Array)
#1 /srv/http/vculead/lib/Cake/Model/Model.php(3626): ConnectionManager::getDataSource('default')
#2 /srv/http/vculead/lib/Cake/Model/Model.php(1155): Model->setDataSource('default')
#3 /srv/http/vculead/lib/Cake/Model/Model.php(3653): Model->setSource('users')
#4 /srv/http/vculead/lib/Cake/Model/Model.php(3031): Model->getDataSource()
#5 /srv/http/vculead/lib/Cake/Model/Model.php(3003): Model->_readDataSource('all', Array)
#6 /srv/http/vculead/lib/Cake/Controller/Component/PaginatorComponent.php(196): Model->find('all', Array)
#7 /srv/http/vculead/app/Controller/UsersController.php(25): PaginatorComponent->paginate()
#8 [internal function]: UsersController->index()
#9 /srv/http/vculead/lib/Cake/Controller/Controller.php(491): ReflectionMethod->invokeArgs(Object(UsersController), Array)
#10 /srv/http/vculead/lib/Cake/Routing/Dispatcher.php(193): Controller->invokeAction(Object(CakeRequest))
#11 /srv/http/vculead/lib/Cake/Routing/Dispatcher.php(167): Dispatcher->_invoke(Object(UsersController), Object(CakeRequest))
#12 /srv/http/vculead/app/webroot/index.php(110): Dispatcher->dispatch(Object(CakeRequest), Object(CakeResponse))
#13 {main}
2016-10-20 17:58:45 Error: [MissingViewException] View file "Users/login.ctp" is missing.
Exception Attributes: array (
  'file' => 'Users/login.ctp',
)
Request URL: /vculead/users/login
Stack Trace:
#0 /srv/http/vculead/lib/Cake/View/View.php(470): View->_getViewFileName('Users/login')
#1 /srv/http/vculead/lib/Cake/Controller/Controller.php(963): View->render(NULL, NULL)
#2 /srv/http/vculead/lib/Cake/Routing/Dispatcher.php(200): Controller->render()
#3 /srv/http/vculead/lib/Cake/Routing/Dispatcher.php(167): Dispatcher->_invoke(Object(UsersController), Object(CakeRequest))
#4 /srv/http/vculead/app/webroot/index.php(110): Dispatcher->dispatch(Object(CakeRequest), Object(CakeResponse))
#5 {main}
2016-10-20 17:58:50 Error: [MissingViewException] View file "Users/login.ctp" is missing.
Exception Attributes: array (
  'file' => 'Users/login.ctp',
)
Request URL: /vculead/users/login
Stack Trace:
#0 /srv/http/vculead/lib/Cake/View/View.php(470): View->_getViewFileName('Users/login')
#1 /srv/http/vculead/lib/Cake/Controller/Controller.php(963): View->render(NULL, NULL)
#2 /srv/http/vculead/lib/Cake/Routing/Dispatcher.php(200): Controller->render()
#3 /srv/http/vculead/lib/Cake/Routing/Dispatcher.php(167): Dispatcher->_invoke(Object(UsersController), Object(CakeRequest))
#4 /srv/http/vculead/app/webroot/index.php(110): Dispatcher->dispatch(Object(CakeRequest), Object(CakeResponse))
#5 {main}
2016-10-20 17:58:57 Error: [MissingViewException] View file "Users/login.ctp" is missing.
Exception Attributes: array (
  'file' => 'Users/login.ctp',
)
Request URL: /vculead/users/login
Stack Trace:
#0 /srv/http/vculead/lib/Cake/View/View.php(470): View->_getViewFileName('Users/login')
#1 /srv/http/vculead/lib/Cake/Controller/Controller.php(963): View->render(NULL, NULL)
#2 /srv/http/vculead/lib/Cake/Routing/Dispatcher.php(200): Controller->render()
#3 /srv/http/vculead/lib/Cake/Routing/Dispatcher.php(167): Dispatcher->_invoke(Object(UsersController), Object(CakeRequest))
#4 /srv/http/vculead/app/webroot/index.php(110): Dispatcher->dispatch(Object(CakeRequest), Object(CakeResponse))
#5 {main}
2016-10-20 18:15:43 Error: [Error] Class 'BlowfishPasswordHasher' not found
Request URL: /vculead/users/add
Stack Trace:
#0 /srv/http/vculead/lib/Cake/Event/CakeEventManager.php(241): User->beforeSave(Array)
#1 /srv/http/vculead/lib/Cake/Model/Model.php(1864): CakeEventManager->dispatch(Object(CakeEvent))
#2 /srv/http/vculead/lib/Cake/Model/Model.php(1751): Model->_doSave(Array, Array)
#3 /srv/http/vculead/app/Controller/UsersController.php(57): Model->save(Array)
#4 [internal function]: UsersController->add()
#5 /srv/http/vculead/lib/Cake/Controller/Controller.php(491): ReflectionMethod->invokeArgs(Object(UsersController), Array)
#6 /srv/http/vculead/lib/Cake/Routing/Dispatcher.php(193): Controller->invokeAction(Object(CakeRequest))
#7 /srv/http/vculead/lib/Cake/Routing/Dispatcher.php(167): Dispatcher->_invoke(Object(UsersController), Object(CakeRequest))
#8 /srv/http/vculead/app/webroot/index.php(110): Dispatcher->dispatch(Object(CakeRequest), Object(CakeResponse))
#9 {main}
2016-10-20 18:33:59 Error: [ParseError] syntax error, unexpected ''fields'' (T_CONSTANT_ENCAPSED_STRING), expecting ')'
Request URL: /vculead/users/login
Stack Trace:
#0 [internal function]: App::load('AppController')
#1 /srv/http/vculead/app/Controller/UsersController.php(9): spl_autoload_call('AppController')
#2 /srv/http/vculead/lib/Cake/Core/App.php(567): include('/srv/http/vcule...')
#3 [internal function]: App::load('UsersController')
#4 [internal function]: spl_autoload_call('UsersController')
#5 /srv/http/vculead/lib/Cake/Routing/Dispatcher.php(266): class_exists('UsersController')
#6 /srv/http/vculead/lib/Cake/Routing/Dispatcher.php(235): Dispatcher->_loadController(Object(CakeRequest))
#7 /srv/http/vculead/lib/Cake/Routing/Dispatcher.php(158): Dispatcher->_getController(Object(CakeRequest), Object(CakeResponse))
#8 /srv/http/vculead/app/webroot/index.php(110): Dispatcher->dispatch(Object(CakeRequest), Object(CakeResponse))
#9 {main}
2016-10-20 18:33:59 Error: Fatal Error (16): Exception thrown without a stack frame in [Unknown, line 0]
2016-10-20 18:33:59 Error: [FatalErrorException] Exception thrown without a stack frame
Request URL: /vculead/users/login
Stack Trace:
#0 /srv/http/vculead/lib/Cake/Error/ErrorHandler.php(212): ErrorHandler::handleFatalError(16, 'Exception throw...', 'Unknown', 0)
#1 /srv/http/vculead/lib/Cake/Core/App.php(970): ErrorHandler::handleError(16, 'Exception throw...', 'Unknown', 0, Array)
#2 /srv/http/vculead/lib/Cake/Core/App.php(943): App::_checkFatalError()
#3 [internal function]: App::shutdown()
#4 {main}
